1799
1799
1799
1803
1803
1803
1807
1807
1807
1811
1811
1811
1815
1815
1815
1819
1819
1819
1822
1822
1822
1826
1826
1826
1830
1830
1830
1834
1834
1834
1838
1838
1838
1842
1842
1842
1846
1846
1846
1850
1850
1850
1854
1854
1854
1858
1858
1858
1861
1861
1861
1865
1865
1865
1869
1869
1869
1873
1873
1873
1877
1877
1877
1881
1881
1881
1885
1885
1885
1888
1888
1888
1892
1892
1892
1896
1896
1896
1900
1900
1900
1903
1903
1903
1907
1907
1907
1911
1911
1911
1915
1915
1915
1919
1919
1919
1923
1923
1923
1927
1927
1927
1931
1931
1931
1935
1935
1935
1939
1939
1939
1943
1943
1943
1947
1947
1947
1951
1951
1951
1956
1956
1956
1960
1960
1960
1964
1964
1964
1967
1967
1967
1971
1971
1971
1975
1975
1975
1979
1979
1979
1983
1983
1983
1987
1987
1987
1991
1991
1991
1995
1995
1995
1999
1999
1999
2003
2003
2003
2007
2007
2007
2011
2011
2011
2015
2015
2015
2019
2019
2019
2024
2024
2024
2028
2028
2028
2032
2032
2032
2036
2036
2036
2039
2039
2039
2043
2043
2043
2047
2047
2047
